16:23:01,721 igfash.io DEBUG Looking for magnitudes with label Mw
16:23:02,274 igfash INFO M mode - Magnitude distribution modeling
16:23:02,274 igfash WARNING Must be either CTL or CNE for windowing. Use all events in catalog.
16:23:02,333 igfash INFO Magnitude KDE Computation time: 0.1 seconds
16:23:02,839 igfash INFO L mode - Location distribution modeling
16:23:02,841 igfash INFO Computing KDE of each window...
16:23:03,297 igfash INFO 2D KDE Computation time: 0.5 seconds
16:23:06,411 igfash INFO R mode - activity Rate modeling
16:23:06,411 igfash.io DEBUG Looking for magnitudes with label Mw
16:23:10,967 igfash DEBUG Activity rates [4.96666667 4.66666667] with percentages [0.5 0.5]
16:23:10,969 igfash INFO Forecast mode - seismic hazard asssessment
16:23:10,969 igfash DEBUG Verification that f(x,y) is normalized; Sum of all f(x,y) values = 1.0
16:23:11,170 igfash INFO Estimating ground motion at 6 grid points...
16:23:17,328 igfash.gm INFO Receiver: 3
16:23:17,328 igfash.gm INFO Function value at PGA = 0.0 : 84.84575591823294
16:23:17,328 igfash.gm INFO Function value at PGA = 1.0 : -0.04999999999973058
16:23:17,328 igfash.gm INFO Function value at PGA = 2.0 : -0.05
16:23:17,328 igfash.gm DEBUG Now trying Scipy brenth
16:23:45,941 igfash.gm INFO Ground motion estimation computation time: 28.6 seconds
16:23:45,941 igfash.gm INFO Estimated PGA: 0.14696773284480005
16:23:45,941 igfash INFO Estimated PGA at rx 3 is 0.14696773284480005
16:23:52,433 igfash.gm INFO Receiver: 6
16:23:52,433 igfash.gm INFO Function value at PGA = 0.0 : 84.84575591823294
16:23:52,433 igfash.gm INFO Function value at PGA = 1.0 : -0.049999999998079254
16:23:52,433 igfash.gm INFO Function value at PGA = 2.0 : -0.05
16:23:52,434 igfash.gm DEBUG Now trying Scipy brenth
16:24:15,532 igfash.gm INFO Ground motion estimation computation time: 23.1 seconds
16:24:15,532 igfash.gm INFO Estimated PGA: 0.24000190385364642
16:24:15,532 igfash INFO Estimated PGA at rx 6 is 0.24000190385364642
16:24:22,536 igfash.gm INFO Receiver: 7
16:24:22,536 igfash.gm INFO Function value at PGA = 0.0 : 84.84575591823294
16:24:22,536 igfash.gm INFO Function value at PGA = 1.0 : -0.049999999982813244
16:24:22,536 igfash.gm INFO Function value at PGA = 2.0 : -0.05
16:24:22,536 igfash.gm DEBUG Now trying Scipy brenth
16:24:51,850 igfash.gm INFO Ground motion estimation computation time: 29.3 seconds
16:24:51,850 igfash.gm INFO Estimated PGA: 0.3140875295497804
16:24:51,850 igfash INFO Estimated PGA at rx 7 is 0.3140875295497804
16:24:58,624 igfash.gm INFO Receiver: 11
16:24:58,624 igfash.gm INFO Function value at PGA = 0.0 : 84.84575591823294
16:24:58,624 igfash.gm INFO Function value at PGA = 1.0 : -0.04999999999484721
16:24:58,624 igfash.gm INFO Function value at PGA = 2.0 : -0.05
16:24:58,624 igfash.gm DEBUG Now trying Scipy brenth
16:25:26,872 igfash.gm INFO Ground motion estimation computation time: 28.2 seconds
16:25:26,873 igfash.gm INFO Estimated PGA: 0.27351911513454474
16:25:26,873 igfash INFO Estimated PGA at rx 11 is 0.27351911513454474
16:25:36,154 igfash.gm INFO Receiver: 12
16:25:36,154 igfash.gm INFO Function value at PGA = 0.0 : 84.84575591823294
16:25:36,156 igfash.gm INFO Function value at PGA = 1.0 : -0.0499999998380628
16:25:36,156 igfash.gm INFO Function value at PGA = 2.0 : -0.05
16:25:36,156 igfash.gm DEBUG Now trying Scipy brenth
16:26:14,378 igfash.gm INFO Ground motion estimation computation time: 38.2 seconds
16:26:14,378 igfash.gm INFO Estimated PGA: 0.384265457246358
16:26:14,378 igfash INFO Estimated PGA at rx 12 is 0.384265457246358
16:26:23,274 igfash.gm INFO Receiver: 16
16:26:23,274 igfash.gm INFO Function value at PGA = 0.0 : 84.84575591823294
16:26:23,274 igfash.gm INFO Function value at PGA = 1.0 : -0.049999999946656375
16:26:23,274 igfash.gm INFO Function value at PGA = 2.0 : -0.05
16:26:23,274 igfash.gm DEBUG Now trying Scipy brenth
16:27:00,348 igfash.gm INFO Ground motion estimation computation time: 37.1 seconds
16:27:00,348 igfash.gm INFO Estimated PGA: 0.35041454726606014
16:27:00,348 igfash INFO Estimated PGA at rx 16 is 0.35041454726606014
16:27:00,354 igfash INFO Ground motion exceedance computation time: 229.2 seconds
